This is pTeXk, Version 3.141592-p3.1.10 (sjis) (Web2C 7.5.5) (format=platex 2006.11.14)  2 OCT 2015 14:22
 Source specials enabled.
**eps.v2.tex
(./eps.v2.tex
pLaTeX2e <2006/11/10>+0 (based on LaTeX2e <2005/12/01> patch level 0)
Babel <v3.8h> and hyphenation patterns for english, usenglishmax, ukenglish, ba
sque, bulgarian, coptic, welsh, czech, slovak, german, ngerman, danish, spanish
, catalan, estonian, finnish, french, irish, polygreek, monogreek, ancientgreek
, croatian, hungarian, interlingua, ibycus, bahasa, icelandic, italian, latin, 
mongolian, dutch, norsk, polish, portuguese, pinyin, romanian, russian, samin, 
slovene, usorbian, serbian, swedish, turkish, ukrainian, dumylang, nohyphenatio
n, loaded.
(./EPS.cls
Document Class: EPS 2014/03/17 v0.1 EPS LaTeX2e document class
(d:/usr/local/share/texmf/tex/latex/base/size12.clo
File: size12.clo 2005/09/16 v1.4f Standard LaTeX file (size option)
)
\c@part=\count81
\c@section=\count82
\c@subsection=\count83
\c@subsubsection=\count84
\c@paragraph=\count85
\c@subparagraph=\count86
\c@appendix=\count87
\c@figure=\count88
\c@table=\count89
\@stequation=\toks15
\@stfigure=\toks16
\bibindent=\dimen118
\bibleftmargin=\dimen119
\bibitemsep=\dimen120
\bibparsep=\dimen121
\bibtext=\dimen122
\biblabelsep=\dimen123
\bibleftmargini=\dimen124
\c@dummy=\count90

(d:/usr/local/share/texmf/tex/latex/natbib/natbib.sty
Package: natbib 2000/07/24 7.0a (PWD)
\bibhang=\skip41
\bibsep=\skip42
LaTeX Info: Redefining \cite on input line 508.
\c@NAT@ctr=\count91
)) (./lineno.sty
Package: lineno 2005/11/02 line numbers on paragraphs v4.41
\linenopenalty=\count92
\output=\toks17
\linenoprevgraf=\count93
\linenumbersep=\dimen125
\linenumberwidth=\dimen126
\c@linenumber=\count94
\c@pagewiselinenumber=\count95
\c@LN@truepage=\count96
\c@internallinenumber=\count97
\c@internallinenumbers=\count98
\quotelinenumbersep=\dimen127
\bframerule=\dimen128
\bframesep=\dimen129
\bframebox=\box41
LaTeX Info: Redefining \\ on input line 3056.
)
(./eps.v2.aux)
\openout1 = `eps.v2.aux'.

LaTeX Font Info:    Checking defaults for OML/cmm/m/it on input line 71.
LaTeX Font Info:    ... okay on input line 71.
LaTeX Font Info:    Checking defaults for T1/cmr/m/n on input line 71.
LaTeX Font Info:    ... okay on input line 71.
LaTeX Font Info:    Checking defaults for OT1/cmr/m/n on input line 71.
LaTeX Font Info:    ... okay on input line 71.
LaTeX Font Info:    Checking defaults for OMS/cmsy/m/n on input line 71.
LaTeX Font Info:    ... okay on input line 71.
LaTeX Font Info:    Checking defaults for OMX/cmex/m/n on input line 71.
LaTeX Font Info:    ... okay on input line 71.
LaTeX Font Info:    Checking defaults for U/cmr/m/n on input line 71.
LaTeX Font Info:    ... okay on input line 71.
LaTeX Font Info:    Checking defaults for JY1/mc/m/n on input line 71.
LaTeX Font Info:    ... okay on input line 71.
LaTeX Font Info:    Checking defaults for JT1/mc/m/n on input line 71.
LaTeX Font Info:    ... okay on input line 71.
LaTeX Font Info:    Font shape `JT1/mc/bx/n' in size <14.4> not available
(Font)              Font shape `JT1/gt/m/n' tried instead on input line 73.
LaTeX Font Info:    Font shape `JY1/mc/bx/n' in size <14.4> not available
(Font)              Font shape `JY1/gt/m/n' tried instead on input line 73.
LaTeX Font Info:    External font `cmex10' loaded for size
(Font)              <7> on input line 73.
LaTeX Font Info:    External font `cmex10' loaded for size
(Font)              <5> on input line 73.
Missing character: There is no ^^c2 in font cmr10!
Missing character: There is no ^^a5 in font cmr10!
Missing character: There is no ^^c2 in font cmr10!
Missing character: There is no ^^a5 in font cmr10!
Missing character: There is no ^^c2 in font cmr10!
Missing character: There is no ^^a5 in font cmr10!
Missing character: There is no ^^c2 in font cmr10!
Missing character: There is no ^^a5 in font cmr10!
Missing character: There is no ^^c2 in font cmr10!
Missing character: There is no ^^a5 in font cmr10!
Missing character: There is no ^^c2 in font cmr10!
Missing character: There is no ^^a5 in font cmr10!
Missing character: There is no ^^c2 in font cmr10!
Missing character: There is no ^^a5 in font cmr10!
Missing character: There is no ^^c2 in font cmr10!
Missing character: There is no ^^a5 in font cmr10!


LaTeX Font Warning: Font shape `JT1/mc/m/it' undefined
(Font)              using `JT1/mc/m/n' instead on input line 73.


LaTeX Font Warning: Font shape `JY1/mc/m/it' undefined
(Font)              using `JY1/mc/m/n' instead on input line 73.

[1

]
LaTeX Font Info:    Font shape `JT1/mc/bx/n' in size <10> not available
(Font)              Font shape `JT1/gt/m/n' tried instead on input line 73.
LaTeX Font Info:    Font shape `JY1/mc/bx/n' in size <10> not available
(Font)              Font shape `JY1/gt/m/n' tried instead on input line 73.
Missing character: There is no ^^c2 in font cmr10!
Missing character: There is no ^^a5 in font cmr10!
 [2]
Missing character: There is no ^^80 in font cmr10!
Missing character: There is no ^^ae in font cmr10!
Missing character: There is no ^^80 in font cmr10!
Missing character: There is no ^^ae in font cmr10!
 [3]
Missing character: There is no ^^a2 in font cmr10!
Missing character: There is no ^^b2 in font cmr10!
Missing character: There is no ^^a2 in font cmr10!
Missing character: There is no ^^a2 in font cmr10!
Missing character: There is no ^^a0 in font cmr10!
Missing character: There is no ^^80 in font cmr10!
Missing character: There is no ^^bc in font cmr10!
Missing character: There is no ^^89 in font cmr10!
 [4] [5] [6] [7] [8] (./eps.v2.bbl) [9] [10]
LaTeX Font Info:    Try loading font information for OMS+cmr on input line 608.


(d:/usr/local/share/texmf/tex/latex/base/omscmr.fd
File: omscmr.fd 1999/05/25 v2.5h Standard LaTeX font definitions
)
LaTeX Font Info:    Font shape `OMS/cmr/m/n' in size <10> not available
(Font)              Font shape `OMS/cmsy/m/n' tried instead on input line 608.
 [11] [12] [13]
(./eps.v2.aux)

LaTeX Font Warning: Some font shapes were not available, defaults substituted.

 ) 
Here is how much of TeX's memory you used:
 766 strings out of 94481
 9000 string characters out of 1174923
 69160 words of memory out of 1500000
 4162 multiletter control sequences out of 10000+50000
 12743 words of font info for 49 fonts, out of 2000000 for 2000
 679 hyphenation exceptions out of 8191
 31i,8n,34p,229b,405s stack positions out of 3000i,500n,5000p,200000b,5000s

Output written on eps.v2.dvi (13 pages, 43472 bytes).
